2018-11-08 15:29:56,481 INFO o.a.j.u.JMeterUtils: Setting Locale to en_EN
2018-11-08 15:29:56,522 INFO o.a.j.JMeter: Loading user properties from: /usr/local/Cellar/jmeter/4.0/libexec/bin/user.properties
2018-11-08 15:29:56,522 INFO o.a.j.JMeter: Loading system properties from: /usr/local/Cellar/jmeter/4.0/libexec/bin/system.properties
2018-11-08 15:29:56,530 INFO o.a.j.JMeter: Copyright (c) 1998-2018 The Apache Software Foundation
2018-11-08 15:29:56,530 INFO o.a.j.JMeter: Version 4.0 r1823414
2018-11-08 15:29:56,530 INFO o.a.j.JMeter: java.version=1.8.0_172
2018-11-08 15:29:56,530 INFO o.a.j.JMeter: java.vm.name=Java HotSpot(TM) 64-Bit Server VM
2018-11-08 15:29:56,530 INFO o.a.j.JMeter: os.name=Mac OS X
2018-11-08 15:29:56,530 INFO o.a.j.JMeter: os.arch=x86_64
2018-11-08 15:29:56,530 INFO o.a.j.JMeter: os.version=10.14
2018-11-08 15:29:56,531 INFO o.a.j.JMeter: file.encoding=UTF-8
2018-11-08 15:29:56,531 INFO o.a.j.JMeter: Max memory     =1073741824
2018-11-08 15:29:56,531 INFO o.a.j.JMeter: Available Processors =4
2018-11-08 15:29:56,540 INFO o.a.j.JMeter: Default Locale=English (EN)
2018-11-08 15:29:56,541 INFO o.a.j.JMeter: JMeter  Locale=English (EN)
2018-11-08 15:29:56,541 INFO o.a.j.JMeter: JMeterHome=/usr/local/Cellar/jmeter/4.0/libexec
2018-11-08 15:29:56,541 INFO o.a.j.JMeter: user.dir  =/Users/baidu/GitWork/Vim_setting
2018-11-08 15:29:56,541 INFO o.a.j.JMeter: PWD       =/Users/baidu/GitWork/Vim_setting
2018-11-08 15:29:56,542 INFO o.a.j.JMeter: IP: 10.11.64.138 Name: bogon FullName: bogon
2018-11-08 15:29:59,641 INFO o.a.j.g.a.LookAndFeelCommand: Installing Darcula LAF
2018-11-08 15:29:59,698 INFO o.a.j.g.a.LookAndFeelCommand: Using look and feel: com.bulenkov.darcula.DarculaLaf [Darcula]
2018-11-08 15:29:59,698 INFO o.a.j.JMeter: Setting LAF to: com.bulenkov.darcula.DarculaLaf
2018-11-08 15:29:59,816 INFO o.a.j.JMeter: Loaded icon properties from org/apache/jmeter/images/icon.properties
2018-11-08 15:30:00,574 INFO o.a.j.e.u.CompoundVariable: Note: Function class names must contain the string: '.functions.'
2018-11-08 15:30:00,574 INFO o.a.j.e.u.CompoundVariable: Note: Function class names must not contain the string: '.gui.'
2018-11-08 15:30:03,334 INFO o.a.j.p.h.s.HTTPSamplerBase: Parser for text/html is org.apache.jmeter.protocol.http.parser.LagartoBasedHtmlParser
2018-11-08 15:30:03,335 INFO o.a.j.p.h.s.HTTPSamplerBase: Parser for application/xhtml+xml is org.apache.jmeter.protocol.http.parser.LagartoBasedHtmlParser
2018-11-08 15:30:03,335 INFO o.a.j.p.h.s.HTTPSamplerBase: Parser for application/xml is org.apache.jmeter.protocol.http.parser.LagartoBasedHtmlParser
2018-11-08 15:30:03,335 INFO o.a.j.p.h.s.HTTPSamplerBase: Parser for text/xml is org.apache.jmeter.protocol.http.parser.LagartoBasedHtmlParser
2018-11-08 15:30:03,336 INFO o.a.j.p.h.s.HTTPSamplerBase: Parser for text/vnd.wap.wml is org.apache.jmeter.protocol.http.parser.RegexpHTMLParser
2018-11-08 15:30:03,336 INFO o.a.j.p.h.s.HTTPSamplerBase: Parser for text/css is org.apache.jmeter.protocol.http.parser.CssParser
2018-11-08 15:30:03,808 INFO o.a.j.e.KeyToolUtils: keytool found at 'keytool'
2018-11-08 15:30:03,809 INFO o.a.j.p.h.p.ProxyControl: HTTP(S) Test Script Recorder SSL Proxy will use keys that support embedded 3rd party resources in file /usr/local/Cellar/jmeter/4.0/libexec/bin/proxyserver.jks
2018-11-08 15:30:04,003 INFO o.a.j.s.FileServer: Default base='/Users/baidu/GitWork/Vim_setting'
2018-11-08 15:30:04,360 INFO o.a.j.s.SampleResult: Note: Sample TimeStamps are START times
2018-11-08 15:30:04,360 INFO o.a.j.s.SampleResult: sampleresult.default.encoding is set to ISO-8859-1
2018-11-08 15:30:04,360 INFO o.a.j.s.SampleResult: sampleresult.useNanoTime=true
2018-11-08 15:30:04,360 INFO o.a.j.s.SampleResult: sampleresult.nanoThreadSleep=5000
2018-11-08 15:30:35,802 INFO o.a.j.g.a.Load: Loading file: /Users/baidu/Downloads/apache-jmeter-3.0_json/apache-jmeter-3.0/bin/新建企业&网点&货架-alta.jmx
2018-11-08 15:30:35,803 INFO o.a.j.s.FileServer: Set new base='/Users/baidu/Downloads/apache-jmeter-3.0_json/apache-jmeter-3.0/bin'
2018-11-08 15:30:36,003 INFO o.a.j.s.SaveService: Testplan (JMX) version: 2.2. Testlog (JTL) version: 2.2
2018-11-08 15:30:36,035 INFO o.a.j.s.SaveService: Using SaveService properties file encoding UTF-8
2018-11-08 15:30:36,037 INFO o.a.j.s.SaveService: Using SaveService properties version 4.0
2018-11-08 15:30:36,040 INFO o.a.j.s.SaveService: Loading file: /Users/baidu/Downloads/apache-jmeter-3.0_json/apache-jmeter-3.0/bin/新建企业&网点&货架-alta.jmx
2018-11-08 15:30:36,290 INFO o.a.j.s.FileServer: Set new base='/Users/baidu/Downloads/apache-jmeter-3.0_json/apache-jmeter-3.0/bin'
2018-11-08 15:45:36,921 INFO o.a.j.s.FileServer: Set new base='/Users/baidu/Downloads/apache-jmeter-3.0_json/apache-jmeter-3.0/bin'
